{"/Users/abhishrey/Documents/main/saral-kanban/src/App.tsx": {"path":"/Users/abhishrey/Documents/main/saral-kanban/src/App.tsx","statementMap":{"0":{"start":{"line":1,"column":0},"end":{"line":1,"column":74}},"1":{"start":{"line":2,"column":0},"end":{"line":2,"column":40}},"2":{"start":{"line":3,"column":0},"end":{"line":3,"column":44}},"3":{"start":{"line":4,"column":0},"end":{"line":4,"column":34}},"4":{"start":{"line":7,"column":1},"end":{"line":9,"column":8}},"5":{"start":{"line":8,"column":2},"end":{"line":8,"column":63}},"6":{"start":{"line":10,"column":1},"end":{"line":17,"column":3}},"7":{"start":{"line":20,"column":0},"end":{"line":20,"column":19}}},"fnMap":{"0":{"name":"App","decl":{"start":{"line":6,"column":9},"end":{"line":6,"column":12}},"loc":{"start":{"line":6,"column":12},"end":{"line":18,"column":1}}},"1":{"name":"(anonymous_1)","decl":{"start":{"line":7,"column":11},"end":{"line":7,"column":14}},"loc":{"start":{"line":7,"column":16},"end":{"line":9,"column":2}}}},"branchMap":{},"s":{"0":0,"1":0,"2":0,"3":0,"4":0,"5":0,"6":0,"7":0},"f":{"0":0,"1":0},"b":{}}
,"/Users/abhishrey/Documents/main/saral-kanban/src/data.ts": {"path":"/Users/abhishrey/Documents/main/saral-kanban/src/data.ts","statementMap":{"0":{"start":{"line":3,"column":38},"end":{"line":434,"column":2}},"1":{"start":{"line":436,"column":9},"end":{"line":436,"column":28}}},"fnMap":{},"branchMap":{},"s":{"0":0,"1":0},"f":{},"b":{}}
,"/Users/abhishrey/Documents/main/saral-kanban/src/main.tsx": {"path":"/Users/abhishrey/Documents/main/saral-kanban/src/main.tsx","statementMap":{"0":{"start":{"line":1,"column":0},"end":{"line":1,"column":35}},"1":{"start":{"line":2,"column":0},"end":{"line":2,"column":46}},"2":{"start":{"line":3,"column":0},"end":{"line":3,"column":24}},"3":{"start":{"line":4,"column":0},"end":{"line":4,"column":21}},"4":{"start":{"line":6,"column":0},"end":{"line":10,"column":2}}},"fnMap":{},"branchMap":{},"s":{"0":0,"1":0,"2":0,"3":0,"4":0},"f":{},"b":{}}
,"/Users/abhishrey/Documents/main/saral-kanban/src/components/userProfile.tsx": {"path":"/Users/abhishrey/Documents/main/saral-kanban/src/components/userProfile.tsx","statementMap":{"0":{"start":{"line":1,"column":0},"end":{"line":1,"column":33}},"1":{"start":{"line":2,"column":0},"end":{"line":2,"column":55}},"2":{"start":{"line":4,"column":20},"end":{"line":28,"column":1}},"3":{"start":{"line":5,"column":39},"end":{"line":5,"column":54}},"4":{"start":{"line":7,"column":21},"end":{"line":9,"column":2}},"5":{"start":{"line":8,"column":2},"end":{"line":8,"column":34}},"6":{"start":{"line":8,"column":27},"end":{"line":8,"column":32}},"7":{"start":{"line":11,"column":1},"end":{"line":27,"column":3}},"8":{"start":{"line":21,"column":6},"end":{"line":21,"column":20}},"9":{"start":{"line":30,"column":0},"end":{"line":30,"column":27}},"10":{"start":{"line":32,"column":25},"end":{"line":51,"column":1}},"11":{"start":{"line":33,"column":1},"end":{"line":50,"column":3}},"12":{"start":{"line":45,"column":5},"end":{"line":45,"column":15}}},"fnMap":{"0":{"name":"(anonymous_0)","decl":{"start":{"line":4,"column":20},"end":{"line":4,"column":23}},"loc":{"start":{"line":4,"column":25},"end":{"line":28,"column":1}}},"1":{"name":"(anonymous_1)","decl":{"start":{"line":7,"column":21},"end":{"line":7,"column":24}},"loc":{"start":{"line":7,"column":26},"end":{"line":9,"column":2}}},"2":{"name":"(anonymous_2)","decl":{"start":{"line":8,"column":17},"end":{"line":8,"column":18}},"loc":{"start":{"line":8,"column":27},"end":{"line":8,"column":32}}},"3":{"name":"(anonymous_3)","decl":{"start":{"line":20,"column":14},"end":{"line":20,"column":17}},"loc":{"start":{"line":20,"column":19},"end":{"line":22,"column":6}}},"4":{"name":"(anonymous_4)","decl":{"start":{"line":32,"column":25},"end":{"line":32,"column":26}},"loc":{"start":{"line":32,"column":66},"end":{"line":51,"column":1}}},"5":{"name":"(anonymous_5)","decl":{"start":{"line":44,"column":13},"end":{"line":44,"column":16}},"loc":{"start":{"line":44,"column":18},"end":{"line":46,"column":5}}}},"branchMap":{"0":{"loc":{"start":{"line":18,"column":4},"end":{"line":23,"column":null}},"type":"binary-expr","locations":[{"start":{"line":18,"column":4},"end":{"line":18,"column":15}},{"start":{"line":19,"column":4},"end":{"line":22,"column":null}}]}},"s":{"0":0,"1":0,"2":0,"3":0,"4":0,"5":0,"6":0,"7":0,"8":0,"9":0,"10":0,"11":0,"12":0},"f":{"0":0,"1":0,"2":0,"3":0,"4":0,"5":0},"b":{"0":[0,0]}}
,"/Users/abhishrey/Documents/main/saral-kanban/src/components/animated/ComeUp.tsx": {"path":"/Users/abhishrey/Documents/main/saral-kanban/src/components/animated/ComeUp.tsx","statementMap":{"0":{"start":{"line":1,"column":0},"end":{"line":1,"column":39}},"1":{"start":{"line":3,"column":15},"end":{"line":18,"column":1}},"2":{"start":{"line":10,"column":1},"end":{"line":17,"column":3}},"3":{"start":{"line":20,"column":0},"end":{"line":20,"column":22}}},"fnMap":{"0":{"name":"(anonymous_0)","decl":{"start":{"line":3,"column":15},"end":{"line":3,"column":16}},"loc":{"start":{"line":9,"column":5},"end":{"line":18,"column":1}}}},"branchMap":{"0":{"loc":{"start":{"line":5,"column":1},"end":{"line":5,"column":10}},"type":"default-arg","locations":[{"start":{"line":5,"column":9},"end":{"line":5,"column":10}}]}},"s":{"0":0,"1":0,"2":0,"3":0},"f":{"0":0},"b":{"0":[0]}}
,"/Users/abhishrey/Documents/main/saral-kanban/src/components/essentials/DropDown.tsx": {"path":"/Users/abhishrey/Documents/main/saral-kanban/src/components/essentials/DropDown.tsx","statementMap":{"0":{"start":{"line":1,"column":0},"end":{"line":1,"column":43}},"1":{"start":{"line":2,"column":0},"end":{"line":2,"column":33}},"2":{"start":{"line":3,"column":0},"end":{"line":3,"column":46}},"3":{"start":{"line":15,"column":17},"end":{"line":64,"column":1}},"4":{"start":{"line":16,"column":33},"end":{"line":16,"column":63}},"5":{"start":{"line":17,"column":29},"end":{"line":17,"column":53}},"6":{"start":{"line":19,"column":24},"end":{"line":19,"column":56}},"7":{"start":{"line":19,"column":30},"end":{"line":19,"column":56}},"8":{"start":{"line":19,"column":50},"end":{"line":19,"column":55}},"9":{"start":{"line":21,"column":22},"end":{"line":31,"column":2}},"10":{"start":{"line":22,"column":2},"end":{"line":22,"column":22}},"11":{"start":{"line":23,"column":2},"end":{"line":23,"column":19}},"12":{"start":{"line":24,"column":2},"end":{"line":30,"column":3}},"13":{"start":{"line":26,"column":3},"end":{"line":29,"column":7}},"14":{"start":{"line":33,"column":1},"end":{"line":63,"column":3}},"15":{"start":{"line":51,"column":7},"end":{"line":53,"column":null}},"16":{"start":{"line":54,"column":23},"end":{"line":54,"column":43}},"17":{"start":{"line":66,"column":0},"end":{"line":66,"column":24}}},"fnMap":{"0":{"name":"(anonymous_0)","decl":{"start":{"line":15,"column":17},"end":{"line":15,"column":18}},"loc":{"start":{"line":15,"column":78},"end":{"line":64,"column":1}}},"1":{"name":"(anonymous_1)","decl":{"start":{"line":19,"column":24},"end":{"line":19,"column":27}},"loc":{"start":{"line":19,"column":30},"end":{"line":19,"column":56}}},"2":{"name":"(anonymous_2)","decl":{"start":{"line":19,"column":40},"end":{"line":19,"column":41}},"loc":{"start":{"line":19,"column":50},"end":{"line":19,"column":55}}},"3":{"name":"(anonymous_3)","decl":{"start":{"line":21,"column":22},"end":{"line":21,"column":23}},"loc":{"start":{"line":21,"column":41},"end":{"line":31,"column":2}}},"4":{"name":"(anonymous_4)","decl":{"start":{"line":50,"column":19},"end":{"line":50,"column":20}},"loc":{"start":{"line":51,"column":7},"end":{"line":53,"column":null}}},"5":{"name":"(anonymous_5)","decl":{"start":{"line":54,"column":17},"end":{"line":54,"column":20}},"loc":{"start":{"line":54,"column":23},"end":{"line":54,"column":43}}}},"branchMap":{"0":{"loc":{"start":{"line":24,"column":2},"end":{"line":30,"column":3}},"type":"if","locations":[{"start":{"line":24,"column":2},"end":{"line":30,"column":3}}]},"1":{"loc":{"start":{"line":43,"column":4},"end":{"line":60,"column":null}},"type":"binary-expr","locations":[{"start":{"line":43,"column":4},"end":{"line":43,"column":10}},{"start":{"line":44,"column":4},"end":{"line":59,"column":null}}]}},"s":{"0":0,"1":0,"2":0,"3":0,"4":0,"5":0,"6":0,"7":0,"8":0,"9":0,"10":0,"11":0,"12":0,"13":0,"14":0,"15":0,"16":0,"17":0},"f":{"0":0,"1":0,"2":0,"3":0,"4":0,"5":0},"b":{"0":[0],"1":[0,0]}}
,"/Users/abhishrey/Documents/main/saral-kanban/src/components/essentials/button.tsx": {"path":"/Users/abhishrey/Documents/main/saral-kanban/src/components/essentials/button.tsx","statementMap":{"0":{"start":{"line":8,"column":38},"end":{"line":28,"column":1}},"1":{"start":{"line":11,"column":20},"end":{"line":11,"column":null}},"2":{"start":{"line":12,"column":9},"end":{"line":13,"column":3}},"3":{"start":{"line":15,"column":2},"end":{"line":15,"column":128}},"4":{"start":{"line":16,"column":23},"end":{"line":16,"column":50}},"5":{"start":{"line":17,"column":25},"end":{"line":17,"column":50}},"6":{"start":{"line":19,"column":16},"end":{"line":21,"column":16}},"7":{"start":{"line":23,"column":1},"end":{"line":27,"column":3}},"8":{"start":{"line":30,"column":0},"end":{"line":30,"column":22}}},"fnMap":{"0":{"name":"(anonymous_1)","decl":{"start":{"line":8,"column":38},"end":{"line":8,"column":39}},"loc":{"start":{"line":13,"column":5},"end":{"line":28,"column":1}}}},"branchMap":{"0":{"loc":{"start":{"line":10,"column":1},"end":{"line":10,"column":15}},"type":"default-arg","locations":[{"start":{"line":10,"column":13},"end":{"line":10,"column":15}}]},"1":{"loc":{"start":{"line":11,"column":1},"end":{"line":11,"column":20}},"type":"default-arg","locations":[{"start":{"line":11,"column":11},"end":{"line":11,"column":20}}]},"2":{"loc":{"start":{"line":20,"column":2},"end":{"line":20,"column":null}},"type":"cond-expr","locations":[{"start":{"line":20,"column":26},"end":{"line":20,"column":39}},{"start":{"line":20,"column":42},"end":{"line":20,"column":null}}]}},"s":{"0":0,"1":0,"2":0,"3":0,"4":0,"5":0,"6":0,"7":0,"8":0},"f":{"0":0},"b":{"0":[0],"1":[0],"2":[0,0]}}
,"/Users/abhishrey/Documents/main/saral-kanban/src/components/kanban/Board.tsx": {"path":"/Users/abhishrey/Documents/main/saral-kanban/src/components/kanban/Board.tsx","statementMap":{"0":{"start":{"line":1,"column":14},"end":{"line":7,"column":1}},"1":{"start":{"line":2,"column":1},"end":{"line":6,"column":3}},"2":{"start":{"line":9,"column":0},"end":{"line":9,"column":21}}},"fnMap":{"0":{"name":"(anonymous_0)","decl":{"start":{"line":1,"column":14},"end":{"line":1,"column":15}},"loc":{"start":{"line":1,"column":62},"end":{"line":7,"column":1}}}},"branchMap":{},"s":{"0":0,"1":0,"2":0},"f":{"0":0},"b":{}}
,"/Users/abhishrey/Documents/main/saral-kanban/src/components/kanban/Column.tsx": {"path":"/Users/abhishrey/Documents/main/saral-kanban/src/components/kanban/Column.tsx","statementMap":{"0":{"start":{"line":1,"column":0},"end":{"line":1,"column":33}},"1":{"start":{"line":2,"column":0},"end":{"line":2,"column":42}},"2":{"start":{"line":3,"column":0},"end":{"line":3,"column":46}},"3":{"start":{"line":6,"column":15},"end":{"line":63,"column":1}},"4":{"start":{"line":17,"column":15},"end":{"line":17,"column":34}},"5":{"start":{"line":19,"column":41},"end":{"line":19,"column":65}},"6":{"start":{"line":20,"column":1},"end":{"line":62,"column":3}},"7":{"start":{"line":26,"column":4},"end":{"line":26,"column":23}},"8":{"start":{"line":27,"column":4},"end":{"line":27,"column":26}},"9":{"start":{"line":30,"column":4},"end":{"line":30,"column":23}},"10":{"start":{"line":31,"column":4},"end":{"line":31,"column":27}},"11":{"start":{"line":34,"column":4},"end":{"line":34,"column":23}},"12":{"start":{"line":35,"column":4},"end":{"line":35,"column":27}},"13":{"start":{"line":46,"column":5},"end":{"line":56,"column":7}},"14":{"start":{"line":65,"column":0},"end":{"line":65,"column":22}}},"fnMap":{"0":{"name":"(anonymous_0)","decl":{"start":{"line":6,"column":15},"end":{"line":6,"column":16}},"loc":{"start":{"line":16,"column":5},"end":{"line":63,"column":1}}},"1":{"name":"(anonymous_1)","decl":{"start":{"line":25,"column":15},"end":{"line":25,"column":16}},"loc":{"start":{"line":25,"column":21},"end":{"line":28,"column":4}}},"2":{"name":"(anonymous_2)","decl":{"start":{"line":29,"column":16},"end":{"line":29,"column":17}},"loc":{"start":{"line":29,"column":22},"end":{"line":32,"column":4}}},"3":{"name":"(anonymous_3)","decl":{"start":{"line":33,"column":11},"end":{"line":33,"column":12}},"loc":{"start":{"line":33,"column":17},"end":{"line":36,"column":4}}},"4":{"name":"(anonymous_4)","decl":{"start":{"line":45,"column":22},"end":{"line":45,"column":23}},"loc":{"start":{"line":45,"column":54},"end":{"line":57,"column":5}}}},"branchMap":{"0":{"loc":{"start":{"line":8,"column":1},"end":{"line":8,"column":17}},"type":"default-arg","locations":[{"start":{"line":8,"column":9},"end":{"line":8,"column":17}}]},"1":{"loc":{"start":{"line":17,"column":15},"end":{"line":17,"column":34}},"type":"cond-expr","locations":[{"start":{"line":17,"column":26},"end":{"line":17,"column":28}},{"start":{"line":17,"column":15},"end":{"line":17,"column":34}}]},"2":{"loc":{"start":{"line":17,"column":15},"end":{"line":17,"column":28}},"type":"binary-expr","locations":[{"start":{"line":17,"column":15},"end":{"line":17,"column":28}},{"start":{"line":17,"column":15},"end":{"line":17,"column":28}}]},"3":{"loc":{"start":{"line":23,"column":4},"end":{"line":23,"column":null}},"type":"cond-expr","locations":[{"start":{"line":23,"column":19},"end":{"line":23,"column":36}},{"start":{"line":23,"column":39},"end":{"line":23,"column":null}}]},"4":{"loc":{"start":{"line":45,"column":5},"end":{"line":57,"column":6}},"type":"cond-expr","locations":[{"start":{"line":45,"column":16},"end":{"line":45,"column":18}},{"start":{"line":45,"column":5},"end":{"line":57,"column":6}}]},"5":{"loc":{"start":{"line":45,"column":5},"end":{"line":45,"column":18}},"type":"binary-expr","locations":[{"start":{"line":45,"column":5},"end":{"line":45,"column":18}},{"start":{"line":45,"column":5},"end":{"line":45,"column":18}}]},"6":{"loc":{"start":{"line":59,"column":45},"end":{"line":59,"column":69}},"type":"binary-expr","locations":[{"start":{"line":59,"column":45},"end":{"line":59,"column":64}},{"start":{"line":59,"column":68},"end":{"line":59,"column":69}}]},"7":{"loc":{"start":{"line":59,"column":45},"end":{"line":59,"column":64}},"type":"cond-expr","locations":[{"start":{"line":59,"column":56},"end":{"line":59,"column":58}},{"start":{"line":59,"column":45},"end":{"line":59,"column":64}}]},"8":{"loc":{"start":{"line":59,"column":45},"end":{"line":59,"column":58}},"type":"binary-expr","locations":[{"start":{"line":59,"column":45},"end":{"line":59,"column":58}},{"start":{"line":59,"column":45},"end":{"line":59,"column":58}}]}},"s":{"0":0,"1":0,"2":0,"3":0,"4":0,"5":0,"6":0,"7":0,"8":0,"9":0,"10":0,"11":0,"12":0,"13":0,"14":0},"f":{"0":0,"1":0,"2":0,"3":0,"4":0},"b":{"0":[0],"1":[0,0],"2":[0,0],"3":[0,0],"4":[0,0],"5":[0,0],"6":[0,0],"7":[0,0],"8":[0,0]}}
,"/Users/abhishrey/Documents/main/saral-kanban/src/components/kanban/DropReciever.tsx": {"path":"/Users/abhishrey/Documents/main/saral-kanban/src/components/kanban/DropReciever.tsx","statementMap":{"0":{"start":{"line":1,"column":0},"end":{"line":1,"column":41}},"1":{"start":{"line":2,"column":0},"end":{"line":2,"column":59}},"2":{"start":{"line":3,"column":0},"end":{"line":3,"column":53}},"3":{"start":{"line":4,"column":0},"end":{"line":4,"column":56}},"4":{"start":{"line":6,"column":21},"end":{"line":54,"column":1}},"5":{"start":{"line":13,"column":43},"end":{"line":13,"column":60}},"6":{"start":{"line":14,"column":27},"end":{"line":14,"column":43}},"7":{"start":{"line":15,"column":41},"end":{"line":15,"column":65}},"8":{"start":{"line":16,"column":26},"end":{"line":16,"column":43}},"9":{"start":{"line":17,"column":27},"end":{"line":17,"column":44}},"10":{"start":{"line":18,"column":13},"end":{"line":18,"column":41}},"11":{"start":{"line":19,"column":1},"end":{"line":53,"column":3}},"12":{"start":{"line":34,"column":5},"end":{"line":34,"column":24}},"13":{"start":{"line":35,"column":5},"end":{"line":35,"column":27}},"14":{"start":{"line":36,"column":5},"end":{"line":36,"column":33}},"15":{"start":{"line":37,"column":5},"end":{"line":37,"column":24}},"16":{"start":{"line":40,"column":5},"end":{"line":40,"column":24}},"17":{"start":{"line":41,"column":5},"end":{"line":41,"column":28}},"18":{"start":{"line":42,"column":5},"end":{"line":42,"column":30}},"19":{"start":{"line":45,"column":5},"end":{"line":45,"column":24}},"20":{"start":{"line":46,"column":5},"end":{"line":46,"column":45}},"21":{"start":{"line":47,"column":5},"end":{"line":47,"column":28}},"22":{"start":{"line":48,"column":5},"end":{"line":48,"column":24}},"23":{"start":{"line":49,"column":5},"end":{"line":49,"column":26}},"24":{"start":{"line":50,"column":5},"end":{"line":50,"column":28}},"25":{"start":{"line":56,"column":0},"end":{"line":56,"column":28}}},"fnMap":{"0":{"name":"(anonymous_0)","decl":{"start":{"line":6,"column":21},"end":{"line":6,"column":22}},"loc":{"start":{"line":12,"column":5},"end":{"line":54,"column":1}}},"1":{"name":"(anonymous_1)","decl":{"start":{"line":33,"column":17},"end":{"line":33,"column":18}},"loc":{"start":{"line":33,"column":23},"end":{"line":38,"column":5}}},"2":{"name":"(anonymous_2)","decl":{"start":{"line":39,"column":17},"end":{"line":39,"column":18}},"loc":{"start":{"line":39,"column":23},"end":{"line":43,"column":5}}},"3":{"name":"(anonymous_3)","decl":{"start":{"line":44,"column":12},"end":{"line":44,"column":13}},"loc":{"start":{"line":44,"column":18},"end":{"line":51,"column":5}}}},"branchMap":{"0":{"loc":{"start":{"line":7,"column":1},"end":{"line":7,"column":11}},"type":"default-arg","locations":[{"start":{"line":7,"column":10},"end":{"line":7,"column":11}}]},"1":{"loc":{"start":{"line":22,"column":4},"end":{"line":24,"column":null}},"type":"cond-expr","locations":[{"start":{"line":23,"column":7},"end":{"line":23,"column":51}},{"start":{"line":24,"column":7},"end":{"line":24,"column":null}}]},"2":{"loc":{"start":{"line":26,"column":8},"end":{"line":26,"column":18}},"type":"binary-expr","locations":[{"start":{"line":26,"column":8},"end":{"line":26,"column":11}},{"start":{"line":26,"column":15},"end":{"line":26,"column":18}}]},"3":{"loc":{"start":{"line":29,"column":5},"end":{"line":29,"column":null}},"type":"cond-expr","locations":[{"start":{"line":29,"column":19},"end":{"line":29,"column":49}},{"start":{"line":29,"column":53},"end":{"line":29,"column":null}}]},"4":{"loc":{"start":{"line":29,"column":19},"end":{"line":29,"column":49}},"type":"cond-expr","locations":[{"start":{"line":29,"column":34},"end":{"line":29,"column":40}},{"start":{"line":29,"column":43},"end":{"line":29,"column":49}}]},"5":{"loc":{"start":{"line":32,"column":6},"end":{"line":32,"column":64}},"type":"cond-expr","locations":[{"start":{"line":32,"column":19},"end":{"line":32,"column":40}},{"start":{"line":32,"column":43},"end":{"line":32,"column":64}}]}},"s":{"0":0,"1":0,"2":0,"3":0,"4":0,"5":0,"6":0,"7":0,"8":0,"9":0,"10":0,"11":0,"12":0,"13":0,"14":0,"15":0,"16":0,"17":0,"18":0,"19":0,"20":0,"21":0,"22":0,"23":0,"24":0,"25":0},"f":{"0":0,"1":0,"2":0,"3":0},"b":{"0":[0],"1":[0,0],"2":[0,0],"3":[0,0],"4":[0,0],"5":[0,0]}}
,"/Users/abhishrey/Documents/main/saral-kanban/src/components/kanban/InfluencerCard.tsx": {"path":"/Users/abhishrey/Documents/main/saral-kanban/src/components/kanban/InfluencerCard.tsx","statementMap":{"0":{"start":{"line":1,"column":0},"end":{"line":1,"column":44}},"1":{"start":{"line":3,"column":0},"end":{"line":3,"column":33}},"2":{"start":{"line":4,"column":0},"end":{"line":4,"column":56}},"3":{"start":{"line":5,"column":0},"end":{"line":5,"column":48}},"4":{"start":{"line":6,"column":0},"end":{"line":6,"column":53}},"5":{"start":{"line":7,"column":0},"end":{"line":7,"column":59}},"6":{"start":{"line":8,"column":0},"end":{"line":8,"column":56}},"7":{"start":{"line":10,"column":21},"end":{"line":17,"column":1}},"8":{"start":{"line":11,"column":1},"end":{"line":15,"column":2}},"9":{"start":{"line":12,"column":2},"end":{"line":12,"column":44}},"10":{"start":{"line":13,"column":8},"end":{"line":15,"column":2}},"11":{"start":{"line":14,"column":2},"end":{"line":14,"column":40}},"12":{"start":{"line":16,"column":1},"end":{"line":16,"column":23}},"13":{"start":{"line":19,"column":23},"end":{"line":173,"column":1}},"14":{"start":{"line":37,"column":5},"end":{"line":37,"column":15}},"15":{"start":{"line":39,"column":45},"end":{"line":39,"column":69}},"16":{"start":{"line":41,"column":2},"end":{"line":41,"column":26}},"17":{"start":{"line":43,"column":46},"end":{"line":43,"column":62}},"18":{"start":{"line":45,"column":2},"end":{"line":45,"column":19}},"19":{"start":{"line":46,"column":37},"end":{"line":46,"column":54}},"20":{"start":{"line":48,"column":1},"end":{"line":172,"column":3}},"21":{"start":{"line":55,"column":7},"end":{"line":55,"column":37}},"22":{"start":{"line":69,"column":5},"end":{"line":69,"column":25}},"23":{"start":{"line":71,"column":5},"end":{"line":71,"column":38}},"24":{"start":{"line":73,"column":5},"end":{"line":75,"column":13}},"25":{"start":{"line":74,"column":6},"end":{"line":74,"column":33}},"26":{"start":{"line":77,"column":5},"end":{"line":77,"column":25}},"27":{"start":{"line":80,"column":5},"end":{"line":80,"column":24}},"28":{"start":{"line":86,"column":5},"end":{"line":86,"column":24}},"29":{"start":{"line":88,"column":5},"end":{"line":90,"column":6}},"30":{"start":{"line":89,"column":6},"end":{"line":89,"column":50}},"31":{"start":{"line":91,"column":5},"end":{"line":91,"column":26}},"32":{"start":{"line":92,"column":5},"end":{"line":92,"column":24}},"33":{"start":{"line":96,"column":5},"end":{"line":96,"column":24}},"34":{"start":{"line":98,"column":5},"end":{"line":100,"column":6}},"35":{"start":{"line":99,"column":6},"end":{"line":99,"column":50}},"36":{"start":{"line":101,"column":5},"end":{"line":101,"column":26}},"37":{"start":{"line":102,"column":5},"end":{"line":102,"column":24}},"38":{"start":{"line":105,"column":5},"end":{"line":105,"column":29}},"39":{"start":{"line":108,"column":5},"end":{"line":108,"column":29}},"40":{"start":{"line":111,"column":5},"end":{"line":111,"column":30}},"41":{"start":{"line":117,"column":7},"end":{"line":117,"column":36}},"42":{"start":{"line":175,"column":0},"end":{"line":175,"column":30}}},"fnMap":{"0":{"name":"(anonymous_0)","decl":{"start":{"line":10,"column":21},"end":{"line":10,"column":22}},"loc":{"start":{"line":10,"column":37},"end":{"line":17,"column":1}}},"1":{"name":"(anonymous_1)","decl":{"start":{"line":19,"column":23},"end":{"line":19,"column":24}},"loc":{"start":{"line":27,"column":5},"end":{"line":173,"column":1}}},"2":{"name":"(anonymous_2)","decl":{"start":{"line":54,"column":15},"end":{"line":54,"column":18}},"loc":{"start":{"line":54,"column":20},"end":{"line":56,"column":7}}},"3":{"name":"(anonymous_3)","decl":{"start":{"line":68,"column":17},"end":{"line":68,"column":20}},"loc":{"start":{"line":68,"column":22},"end":{"line":78,"column":5}}},"4":{"name":"(anonymous_4)","decl":{"start":{"line":73,"column":16},"end":{"line":73,"column":19}},"loc":{"start":{"line":73,"column":21},"end":{"line":75,"column":6}}},"5":{"name":"(anonymous_5)","decl":{"start":{"line":79,"column":12},"end":{"line":79,"column":13}},"loc":{"start":{"line":79,"column":18},"end":{"line":83,"column":5}}},"6":{"name":"(anonymous_6)","decl":{"start":{"line":84,"column":15},"end":{"line":84,"column":16}},"loc":{"start":{"line":84,"column":21},"end":{"line":93,"column":5}}},"7":{"name":"(anonymous_7)","decl":{"start":{"line":94,"column":22},"end":{"line":94,"column":23}},"loc":{"start":{"line":94,"column":28},"end":{"line":103,"column":5}}},"8":{"name":"(anonymous_8)","decl":{"start":{"line":104,"column":17},"end":{"line":104,"column":20}},"loc":{"start":{"line":104,"column":22},"end":{"line":106,"column":5}}},"9":{"name":"(anonymous_9)","decl":{"start":{"line":107,"column":18},"end":{"line":107,"column":21}},"loc":{"start":{"line":107,"column":23},"end":{"line":109,"column":5}}},"10":{"name":"(anonymous_10)","decl":{"start":{"line":110,"column":18},"end":{"line":110,"column":21}},"loc":{"start":{"line":110,"column":23},"end":{"line":112,"column":5}}},"11":{"name":"(anonymous_11)","decl":{"start":{"line":116,"column":15},"end":{"line":116,"column":18}},"loc":{"start":{"line":116,"column":20},"end":{"line":118,"column":7}}}},"branchMap":{"0":{"loc":{"start":{"line":11,"column":1},"end":{"line":15,"column":2}},"type":"if","locations":[{"start":{"line":11,"column":1},"end":{"line":15,"column":2}},{"start":{"line":13,"column":8},"end":{"line":15,"column":2}}]},"1":{"loc":{"start":{"line":13,"column":8},"end":{"line":15,"column":2}},"type":"if","locations":[{"start":{"line":13,"column":8},"end":{"line":15,"column":2}}]},"2":{"loc":{"start":{"line":22,"column":1},"end":{"line":22,"column":17}},"type":"default-arg","locations":[{"start":{"line":22,"column":9},"end":{"line":22,"column":17}}]},"3":{"loc":{"start":{"line":50,"column":4},"end":{"line":61,"column":null}},"type":"binary-expr","locations":[{"start":{"line":50,"column":4},"end":{"line":50,"column":23}},{"start":{"line":51,"column":4},"end":{"line":60,"column":null}}]},"4":{"loc":{"start":{"line":65,"column":5},"end":{"line":65,"column":null}},"type":"cond-expr","locations":[{"start":{"line":65,"column":18},"end":{"line":65,"column":30}},{"start":{"line":65,"column":33},"end":{"line":65,"column":null}}]},"5":{"loc":{"start":{"line":88,"column":5},"end":{"line":90,"column":6}},"type":"if","locations":[{"start":{"line":88,"column":5},"end":{"line":90,"column":6}}]},"6":{"loc":{"start":{"line":98,"column":5},"end":{"line":100,"column":6}},"type":"if","locations":[{"start":{"line":98,"column":5},"end":{"line":100,"column":6}}]},"7":{"loc":{"start":{"line":113,"column":5},"end":{"line":120,"column":null}},"type":"binary-expr","locations":[{"start":{"line":113,"column":5},"end":{"line":113,"column":19}},{"start":{"line":114,"column":5},"end":{"line":119,"column":null}}]},"8":{"loc":{"start":{"line":129,"column":7},"end":{"line":132,"column":null}},"type":"binary-expr","locations":[{"start":{"line":129,"column":7},"end":{"line":129,"column":20}},{"start":{"line":130,"column":7},"end":{"line":131,"column":null}}]},"9":{"loc":{"start":{"line":131,"column":9},"end":{"line":131,"column":43}},"type":"binary-expr","locations":[{"start":{"line":131,"column":9},"end":{"line":131,"column":26}},{"start":{"line":131,"column":30},"end":{"line":131,"column":43}}]},"10":{"loc":{"start":{"line":144,"column":7},"end":{"line":146,"column":27}},"type":"cond-expr","locations":[{"start":{"line":145,"column":9},"end":{"line":145,"column":49}},{"start":{"line":146,"column":9},"end":{"line":146,"column":27}}]},"11":{"loc":{"start":{"line":144,"column":7},"end":{"line":144,"column":43}},"type":"binary-expr","locations":[{"start":{"line":144,"column":7},"end":{"line":144,"column":20}},{"start":{"line":144,"column":24},"end":{"line":144,"column":43}}]},"12":{"loc":{"start":{"line":158,"column":8},"end":{"line":165,"column":null}},"type":"cond-expr","locations":[{"start":{"line":159,"column":8},"end":{"line":159,"column":64}},{"start":{"line":160,"column":11},"end":{"line":165,"column":null}}]},"13":{"loc":{"start":{"line":160,"column":11},"end":{"line":165,"column":null}},"type":"cond-expr","locations":[{"start":{"line":161,"column":8},"end":{"line":161,"column":62}},{"start":{"line":162,"column":11},"end":{"line":165,"column":null}}]},"14":{"loc":{"start":{"line":162,"column":11},"end":{"line":165,"column":null}},"type":"cond-expr","locations":[{"start":{"line":163,"column":8},"end":{"line":163,"column":61}},{"start":{"line":165,"column":8},"end":{"line":165,"column":53}}]}},"s":{"0":0,"1":0,"2":0,"3":0,"4":0,"5":0,"6":0,"7":0,"8":0,"9":0,"10":0,"11":0,"12":0,"13":0,"14":0,"15":0,"16":0,"17":0,"18":0,"19":0,"20":0,"21":0,"22":0,"23":0,"24":0,"25":0,"26":0,"27":0,"28":0,"29":0,"30":0,"31":0,"32":0,"33":0,"34":0,"35":0,"36":0,"37":0,"38":0,"39":0,"40":0,"41":0,"42":0},"f":{"0":0,"1":0,"2":0,"3":0,"4":0,"5":0,"6":0,"7":0,"8":0,"9":0,"10":0,"11":0},"b":{"0":[0,0],"1":[0],"2":[0],"3":[0,0],"4":[0,0],"5":[0],"6":[0],"7":[0,0],"8":[0,0],"9":[0,0],"10":[0,0],"11":[0,0],"12":[0,0],"13":[0,0],"14":[0,0]}}
,"/Users/abhishrey/Documents/main/saral-kanban/src/components/kanban/InfluencerModal.tsx": {"path":"/Users/abhishrey/Documents/main/saral-kanban/src/components/kanban/InfluencerModal.tsx","statementMap":{"0":{"start":{"line":1,"column":0},"end":{"line":1,"column":47}},"1":{"start":{"line":2,"column":0},"end":{"line":2,"column":39}},"2":{"start":{"line":4,"column":0},"end":{"line":4,"column":46}},"3":{"start":{"line":5,"column":0},"end":{"line":5,"column":42}},"4":{"start":{"line":7,"column":24},"end":{"line":88,"column":1}},"5":{"start":{"line":14,"column":1},"end":{"line":87,"column":3}},"6":{"start":{"line":25,"column":6},"end":{"line":25,"column":29}},"7":{"start":{"line":25,"column":19},"end":{"line":25,"column":29}},"8":{"start":{"line":90,"column":0},"end":{"line":90,"column":31}}},"fnMap":{"0":{"name":"(anonymous_0)","decl":{"start":{"line":7,"column":24},"end":{"line":7,"column":25}},"loc":{"start":{"line":13,"column":5},"end":{"line":88,"column":1}}},"1":{"name":"(anonymous_1)","decl":{"start":{"line":24,"column":14},"end":{"line":24,"column":17}},"loc":{"start":{"line":24,"column":19},"end":{"line":26,"column":6}}}},"branchMap":{"0":{"loc":{"start":{"line":25,"column":6},"end":{"line":25,"column":29}},"type":"if","locations":[{"start":{"line":25,"column":6},"end":{"line":25,"column":29}}]}},"s":{"0":0,"1":0,"2":0,"3":0,"4":0,"5":0,"6":0,"7":0,"8":0},"f":{"0":0,"1":0},"b":{"0":[0]}}
,"/Users/abhishrey/Documents/main/saral-kanban/src/components/kanban/TopBar.tsx": {"path":"/Users/abhishrey/Documents/main/saral-kanban/src/components/kanban/TopBar.tsx","statementMap":{"0":{"start":{"line":1,"column":0},"end":{"line":1,"column":48}},"1":{"start":{"line":2,"column":0},"end":{"line":2,"column":42}},"2":{"start":{"line":3,"column":0},"end":{"line":3,"column":46}},"3":{"start":{"line":4,"column":0},"end":{"line":4,"column":41}},"4":{"start":{"line":5,"column":0},"end":{"line":5,"column":46}},"5":{"start":{"line":6,"column":0},"end":{"line":6,"column":48}},"6":{"start":{"line":7,"column":0},"end":{"line":7,"column":33}},"7":{"start":{"line":8,"column":0},"end":{"line":8,"column":53}},"8":{"start":{"line":10,"column":15},"end":{"line":67,"column":1}},"9":{"start":{"line":11,"column":35},"end":{"line":11,"column":59}},"10":{"start":{"line":12,"column":28},"end":{"line":12,"column":44}},"11":{"start":{"line":13,"column":1},"end":{"line":66,"column":3}},"12":{"start":{"line":29,"column":7},"end":{"line":29,"column":26}},"13":{"start":{"line":46,"column":7},"end":{"line":46,"column":27}},"14":{"start":{"line":49,"column":7},"end":{"line":49,"column":25}},"15":{"start":{"line":50,"column":17},"end":{"line":50,"column":41}},"16":{"start":{"line":51,"column":7},"end":{"line":51,"column":22}},"17":{"start":{"line":52,"column":7},"end":{"line":60,"column":10}},"18":{"start":{"line":69,"column":0},"end":{"line":69,"column":22}},"19":{"start":{"line":72,"column":1},"end":{"line":72,"column":56}},"20":{"start":{"line":73,"column":1},"end":{"line":73,"column":20}},"21":{"start":{"line":75,"column":1},"end":{"line":87,"column":2}},"22":{"start":{"line":76,"column":2},"end":{"line":76,"column":11}},"23":{"start":{"line":77,"column":8},"end":{"line":87,"column":2}},"24":{"start":{"line":78,"column":2},"end":{"line":78,"column":11}},"25":{"start":{"line":79,"column":8},"end":{"line":87,"column":2}},"26":{"start":{"line":80,"column":2},"end":{"line":80,"column":11}},"27":{"start":{"line":81,"column":8},"end":{"line":87,"column":2}},"28":{"start":{"line":82,"column":2},"end":{"line":82,"column":11}},"29":{"start":{"line":83,"column":8},"end":{"line":87,"column":2}},"30":{"start":{"line":84,"column":2},"end":{"line":84,"column":11}},"31":{"start":{"line":86,"column":2},"end":{"line":86,"column":11}},"32":{"start":{"line":90,"column":0},"end":{"line":90,"column":31}}},"fnMap":{"0":{"name":"(anonymous_0)","decl":{"start":{"line":10,"column":15},"end":{"line":10,"column":18}},"loc":{"start":{"line":10,"column":20},"end":{"line":67,"column":1}}},"1":{"name":"(anonymous_1)","decl":{"start":{"line":28,"column":15},"end":{"line":28,"column":18}},"loc":{"start":{"line":28,"column":20},"end":{"line":30,"column":7}}},"2":{"name":"(anonymous_2)","decl":{"start":{"line":45,"column":15},"end":{"line":45,"column":18}},"loc":{"start":{"line":45,"column":20},"end":{"line":47,"column":7}}},"3":{"name":"(anonymous_3)","decl":{"start":{"line":48,"column":13},"end":{"line":48,"column":14}},"loc":{"start":{"line":48,"column":22},"end":{"line":61,"column":7}}},"4":{"name":"getColIndex","decl":{"start":{"line":71,"column":9},"end":{"line":71,"column":20}},"loc":{"start":{"line":71,"column":34},"end":{"line":88,"column":1}}}},"branchMap":{"0":{"loc":{"start":{"line":42,"column":4},"end":{"line":63,"column":null}},"type":"binary-expr","locations":[{"start":{"line":42,"column":4},"end":{"line":42,"column":13}},{"start":{"line":43,"column":4},"end":{"line":62,"column":null}}]},"1":{"loc":{"start":{"line":75,"column":1},"end":{"line":87,"column":2}},"type":"if","locations":[{"start":{"line":75,"column":1},"end":{"line":87,"column":2}},{"start":{"line":77,"column":8},"end":{"line":87,"column":2}}]},"2":{"loc":{"start":{"line":77,"column":8},"end":{"line":87,"column":2}},"type":"if","locations":[{"start":{"line":77,"column":8},"end":{"line":87,"column":2}},{"start":{"line":79,"column":8},"end":{"line":87,"column":2}}]},"3":{"loc":{"start":{"line":79,"column":8},"end":{"line":87,"column":2}},"type":"if","locations":[{"start":{"line":79,"column":8},"end":{"line":87,"column":2}},{"start":{"line":81,"column":8},"end":{"line":87,"column":2}}]},"4":{"loc":{"start":{"line":81,"column":8},"end":{"line":87,"column":2}},"type":"if","locations":[{"start":{"line":81,"column":8},"end":{"line":87,"column":2}},{"start":{"line":83,"column":8},"end":{"line":87,"column":2}}]},"5":{"loc":{"start":{"line":83,"column":8},"end":{"line":87,"column":2}},"type":"if","locations":[{"start":{"line":83,"column":8},"end":{"line":87,"column":2}},{"start":{"line":85,"column":8},"end":{"line":87,"column":2}}]}},"s":{"0":0,"1":0,"2":0,"3":0,"4":0,"5":0,"6":0,"7":0,"8":0,"9":0,"10":0,"11":0,"12":0,"13":0,"14":0,"15":0,"16":0,"17":0,"18":0,"19":0,"20":0,"21":0,"22":0,"23":0,"24":0,"25":0,"26":0,"27":0,"28":0,"29":0,"30":0,"31":0,"32":0},"f":{"0":0,"1":0,"2":0,"3":0,"4":0},"b":{"0":[0,0],"1":[0,0],"2":[0,0],"3":[0,0],"4":[0,0],"5":[0,0]}}
,"/Users/abhishrey/Documents/main/saral-kanban/src/components/kanban/addCreatorModel.tsx": {"path":"/Users/abhishrey/Documents/main/saral-kanban/src/components/kanban/addCreatorModel.tsx","statementMap":{"0":{"start":{"line":1,"column":0},"end":{"line":1,"column":39}},"1":{"start":{"line":2,"column":0},"end":{"line":2,"column":39}},"2":{"start":{"line":3,"column":0},"end":{"line":3,"column":54}},"3":{"start":{"line":4,"column":0},"end":{"line":4,"column":54}},"4":{"start":{"line":5,"column":0},"end":{"line":5,"column":25}},"5":{"start":{"line":6,"column":0},"end":{"line":6,"column":46}},"6":{"start":{"line":7,"column":0},"end":{"line":7,"column":46}},"7":{"start":{"line":8,"column":0},"end":{"line":8,"column":42}},"8":{"start":{"line":11,"column":15},"end":{"line":21,"column":2}},"9":{"start":{"line":25,"column":24},"end":{"line":241,"column":1}},"10":{"start":{"line":37,"column":5},"end":{"line":43,"column":3}},"11":{"start":{"line":45,"column":18},"end":{"line":48,"column":2}},"12":{"start":{"line":46,"column":2},"end":{"line":46,"column":20}},"13":{"start":{"line":47,"column":2},"end":{"line":47,"column":25}},"14":{"start":{"line":47,"column":13},"end":{"line":47,"column":25}},"15":{"start":{"line":50,"column":1},"end":{"line":240,"column":3}},"16":{"start":{"line":61,"column":6},"end":{"line":61,"column":29}},"17":{"start":{"line":61,"column":19},"end":{"line":61,"column":29}},"18":{"start":{"line":174,"column":9},"end":{"line":183,"column":null}},"19":{"start":{"line":201,"column":9},"end":{"line":204,"column":null}},"20":{"start":{"line":243,"column":0},"end":{"line":243,"column":31}}},"fnMap":{"0":{"name":"(anonymous_0)","decl":{"start":{"line":25,"column":24},"end":{"line":25,"column":25}},"loc":{"start":{"line":31,"column":5},"end":{"line":241,"column":1}}},"1":{"name":"(anonymous_1)","decl":{"start":{"line":45,"column":18},"end":{"line":45,"column":19}},"loc":{"start":{"line":45,"column":37},"end":{"line":48,"column":2}}},"2":{"name":"(anonymous_2)","decl":{"start":{"line":60,"column":14},"end":{"line":60,"column":17}},"loc":{"start":{"line":60,"column":19},"end":{"line":62,"column":6}}},"3":{"name":"(anonymous_3)","decl":{"start":{"line":173,"column":16},"end":{"line":173,"column":17}},"loc":{"start":{"line":174,"column":9},"end":{"line":183,"column":null}}},"4":{"name":"(anonymous_4)","decl":{"start":{"line":200,"column":16},"end":{"line":200,"column":17}},"loc":{"start":{"line":201,"column":9},"end":{"line":204,"column":null}}}},"branchMap":{"0":{"loc":{"start":{"line":47,"column":2},"end":{"line":47,"column":25}},"type":"if","locations":[{"start":{"line":47,"column":2},"end":{"line":47,"column":25}}]},"1":{"loc":{"start":{"line":61,"column":6},"end":{"line":61,"column":29}},"type":"if","locations":[{"start":{"line":61,"column":6},"end":{"line":61,"column":29}}]},"2":{"loc":{"start":{"line":70,"column":6},"end":{"line":79,"column":null}},"type":"binary-expr","locations":[{"start":{"line":70,"column":6},"end":{"line":70,"column":36}},{"start":{"line":71,"column":6},"end":{"line":78,"column":null}}]},"3":{"loc":{"start":{"line":92,"column":9},"end":{"line":92,"column":null}},"type":"cond-expr","locations":[{"start":{"line":92,"column":23},"end":{"line":92,"column":39}},{"start":{"line":92,"column":42},"end":{"line":92,"column":null}}]},"4":{"loc":{"start":{"line":95,"column":8},"end":{"line":98,"column":null}},"type":"binary-expr","locations":[{"start":{"line":95,"column":8},"end":{"line":95,"column":19}},{"start":{"line":96,"column":8},"end":{"line":97,"column":null}}]},"5":{"loc":{"start":{"line":111,"column":9},"end":{"line":111,"column":null}},"type":"cond-expr","locations":[{"start":{"line":111,"column":27},"end":{"line":111,"column":43}},{"start":{"line":111,"column":46},"end":{"line":111,"column":null}}]},"6":{"loc":{"start":{"line":114,"column":8},"end":{"line":117,"column":null}},"type":"binary-expr","locations":[{"start":{"line":114,"column":8},"end":{"line":114,"column":23}},{"start":{"line":115,"column":8},"end":{"line":116,"column":null}}]},"7":{"loc":{"start":{"line":132,"column":9},"end":{"line":132,"column":null}},"type":"cond-expr","locations":[{"start":{"line":132,"column":32},"end":{"line":132,"column":48}},{"start":{"line":132,"column":51},"end":{"line":132,"column":null}}]},"8":{"loc":{"start":{"line":135,"column":8},"end":{"line":138,"column":null}},"type":"binary-expr","locations":[{"start":{"line":135,"column":8},"end":{"line":135,"column":28}},{"start":{"line":136,"column":8},"end":{"line":137,"column":null}}]},"9":{"loc":{"start":{"line":155,"column":9},"end":{"line":155,"column":null}},"type":"cond-expr","locations":[{"start":{"line":155,"column":42},"end":{"line":155,"column":58}},{"start":{"line":155,"column":61},"end":{"line":155,"column":null}}]},"10":{"loc":{"start":{"line":158,"column":8},"end":{"line":161,"column":null}},"type":"binary-expr","locations":[{"start":{"line":158,"column":8},"end":{"line":158,"column":38}},{"start":{"line":159,"column":8},"end":{"line":160,"column":null}}]},"11":{"loc":{"start":{"line":187,"column":8},"end":{"line":190,"column":null}},"type":"binary-expr","locations":[{"start":{"line":187,"column":8},"end":{"line":187,"column":21}},{"start":{"line":188,"column":8},"end":{"line":189,"column":null}}]},"12":{"loc":{"start":{"line":208,"column":8},"end":{"line":211,"column":null}},"type":"binary-expr","locations":[{"start":{"line":208,"column":8},"end":{"line":208,"column":23}},{"start":{"line":209,"column":8},"end":{"line":210,"column":null}}]},"13":{"loc":{"start":{"line":225,"column":8},"end":{"line":225,"column":null}},"type":"cond-expr","locations":[{"start":{"line":225,"column":29},"end":{"line":225,"column":45}},{"start":{"line":225,"column":48},"end":{"line":225,"column":null}}]},"14":{"loc":{"start":{"line":228,"column":7},"end":{"line":231,"column":null}},"type":"binary-expr","locations":[{"start":{"line":228,"column":7},"end":{"line":228,"column":25}},{"start":{"line":229,"column":7},"end":{"line":230,"column":null}}]}},"s":{"0":0,"1":0,"2":0,"3":0,"4":0,"5":0,"6":0,"7":0,"8":0,"9":0,"10":0,"11":0,"12":0,"13":0,"14":0,"15":0,"16":0,"17":0,"18":0,"19":0,"20":0},"f":{"0":0,"1":0,"2":0,"3":0,"4":0},"b":{"0":[0],"1":[0],"2":[0,0],"3":[0,0],"4":[0,0],"5":[0,0],"6":[0,0],"7":[0,0],"8":[0,0],"9":[0,0],"10":[0,0],"11":[0,0],"12":[0,0],"13":[0,0],"14":[0,0]}}
,"/Users/abhishrey/Documents/main/saral-kanban/src/pages/HomePage.tsx": {"path":"/Users/abhishrey/Documents/main/saral-kanban/src/pages/HomePage.tsx","statementMap":{"0":{"start":{"line":1,"column":0},"end":{"line":1,"column":42}},"1":{"start":{"line":2,"column":0},"end":{"line":2,"column":53}},"2":{"start":{"line":3,"column":0},"end":{"line":3,"column":43}},"3":{"start":{"line":4,"column":0},"end":{"line":4,"column":47}},"4":{"start":{"line":6,"column":17},"end":{"line":25,"column":1}},"5":{"start":{"line":7,"column":18},"end":{"line":7,"column":31}},"6":{"start":{"line":8,"column":1},"end":{"line":24,"column":3}},"7":{"start":{"line":18,"column":6},"end":{"line":18,"column":26}},"8":{"start":{"line":27,"column":0},"end":{"line":27,"column":24}}},"fnMap":{"0":{"name":"(anonymous_0)","decl":{"start":{"line":6,"column":17},"end":{"line":6,"column":20}},"loc":{"start":{"line":6,"column":22},"end":{"line":25,"column":1}}},"1":{"name":"(anonymous_1)","decl":{"start":{"line":17,"column":14},"end":{"line":17,"column":17}},"loc":{"start":{"line":17,"column":19},"end":{"line":19,"column":6}}}},"branchMap":{},"s":{"0":0,"1":0,"2":0,"3":0,"4":0,"5":0,"6":0,"7":0,"8":0},"f":{"0":0,"1":0},"b":{}}
,"/Users/abhishrey/Documents/main/saral-kanban/src/pages/KanbanPage.tsx": {"path":"/Users/abhishrey/Documents/main/saral-kanban/src/pages/KanbanPage.tsx","statementMap":{"0":{"start":{"line":1,"column":0},"end":{"line":1,"column":47}},"1":{"start":{"line":2,"column":0},"end":{"line":2,"column":49}},"2":{"start":{"line":3,"column":0},"end":{"line":3,"column":49}},"3":{"start":{"line":4,"column":0},"end":{"line":4,"column":50}},"4":{"start":{"line":6,"column":19},"end":{"line":24,"column":1}},"5":{"start":{"line":7,"column":21},"end":{"line":7,"column":37}},"6":{"start":{"line":8,"column":1},"end":{"line":23,"column":3}},"7":{"start":{"line":13,"column":5},"end":{"line":14,"column":null}},"8":{"start":{"line":26,"column":0},"end":{"line":26,"column":26}}},"fnMap":{"0":{"name":"(anonymous_0)","decl":{"start":{"line":6,"column":19},"end":{"line":6,"column":22}},"loc":{"start":{"line":6,"column":24},"end":{"line":24,"column":1}}},"1":{"name":"(anonymous_1)","decl":{"start":{"line":12,"column":17},"end":{"line":12,"column":18}},"loc":{"start":{"line":13,"column":5},"end":{"line":14,"column":null}}}},"branchMap":{},"s":{"0":0,"1":0,"2":0,"3":0,"4":0,"5":0,"6":0,"7":0,"8":0},"f":{"0":0,"1":0},"b":{}}
,"/Users/abhishrey/Documents/main/saral-kanban/src/stores/draggedInfo/index.ts": {"path":"/Users/abhishrey/Documents/main/saral-kanban/src/stores/draggedInfo/index.ts","statementMap":{"0":{"start":{"line":1,"column":0},"end":{"line":1,"column":29}},"1":{"start":{"line":13,"column":13},"end":{"line":20,"column":4}},"2":{"start":{"line":13,"column":60},"end":{"line":20,"column":2}},"3":{"start":{"line":17,"column":32},"end":{"line":17,"column":51}},"4":{"start":{"line":18,"column":29},"end":{"line":18,"column":57}},"5":{"start":{"line":19,"column":39},"end":{"line":19,"column":77}}},"fnMap":{"0":{"name":"(anonymous_0)","decl":{"start":{"line":13,"column":50},"end":{"line":13,"column":51}},"loc":{"start":{"line":13,"column":60},"end":{"line":20,"column":2}}},"1":{"name":"(anonymous_1)","decl":{"start":{"line":17,"column":16},"end":{"line":17,"column":17}},"loc":{"start":{"line":17,"column":32},"end":{"line":17,"column":51}}},"2":{"name":"(anonymous_2)","decl":{"start":{"line":18,"column":18},"end":{"line":18,"column":19}},"loc":{"start":{"line":18,"column":29},"end":{"line":18,"column":57}}},"3":{"name":"(anonymous_3)","decl":{"start":{"line":19,"column":23},"end":{"line":19,"column":24}},"loc":{"start":{"line":19,"column":39},"end":{"line":19,"column":77}}}},"branchMap":{},"s":{"0":0,"1":0,"2":0,"3":0,"4":0,"5":0},"f":{"0":0,"1":0,"2":0,"3":0},"b":{}}
,"/Users/abhishrey/Documents/main/saral-kanban/src/stores/dropppedInfo/index.ts": {"path":"/Users/abhishrey/Documents/main/saral-kanban/src/stores/dropppedInfo/index.ts","statementMap":{"0":{"start":{"line":1,"column":0},"end":{"line":1,"column":33}},"1":{"start":{"line":13,"column":24},"end":{"line":20,"column":3}},"2":{"start":{"line":13,"column":59},"end":{"line":20,"column":2}},"3":{"start":{"line":17,"column":29},"end":{"line":17,"column":57}},"4":{"start":{"line":18,"column":39},"end":{"line":18,"column":77}},"5":{"start":{"line":19,"column":30},"end":{"line":19,"column":48}},"6":{"start":{"line":22,"column":0},"end":{"line":22,"column":31}}},"fnMap":{"0":{"name":"(anonymous_0)","decl":{"start":{"line":13,"column":49},"end":{"line":13,"column":50}},"loc":{"start":{"line":13,"column":59},"end":{"line":20,"column":2}}},"1":{"name":"(anonymous_1)","decl":{"start":{"line":17,"column":18},"end":{"line":17,"column":19}},"loc":{"start":{"line":17,"column":29},"end":{"line":17,"column":57}}},"2":{"name":"(anonymous_2)","decl":{"start":{"line":18,"column":23},"end":{"line":18,"column":24}},"loc":{"start":{"line":18,"column":39},"end":{"line":18,"column":77}}},"3":{"name":"(anonymous_3)","decl":{"start":{"line":19,"column":15},"end":{"line":19,"column":16}},"loc":{"start":{"line":19,"column":30},"end":{"line":19,"column":48}}}},"branchMap":{},"s":{"0":0,"1":0,"2":0,"3":0,"4":0,"5":0,"6":0},"f":{"0":0,"1":0,"2":0,"3":0},"b":{}}
,"/Users/abhishrey/Documents/main/saral-kanban/src/stores/kanban/index.ts": {"path":"/Users/abhishrey/Documents/main/saral-kanban/src/stores/kanban/index.ts","statementMap":{"0":{"start":{"line":1,"column":0},"end":{"line":1,"column":33}},"1":{"start":{"line":2,"column":0},"end":{"line":2,"column":49}},"2":{"start":{"line":21,"column":13},"end":{"line":85,"column":4}},"3":{"start":{"line":21,"column":60},"end":{"line":85,"column":2}},"4":{"start":{"line":27,"column":2},"end":{"line":30,"column":3}},"5":{"start":{"line":28,"column":3},"end":{"line":28,"column":39}},"6":{"start":{"line":29,"column":3},"end":{"line":29,"column":10}},"7":{"start":{"line":31,"column":2},"end":{"line":51,"column":5}},"8":{"start":{"line":32,"column":18},"end":{"line":32,"column":44}},"9":{"start":{"line":33,"column":3},"end":{"line":36,"column":4}},"10":{"start":{"line":33,"column":38},"end":{"line":33,"column":72}},"11":{"start":{"line":34,"column":4},"end":{"line":34,"column":37}},"12":{"start":{"line":35,"column":4},"end":{"line":35,"column":17}},"13":{"start":{"line":37,"column":3},"end":{"line":50,"column":5}},"14":{"start":{"line":39,"column":5},"end":{"line":48,"column":11}},"15":{"start":{"line":54,"column":2},"end":{"line":61,"column":5}},"16":{"start":{"line":54,"column":18},"end":{"line":61,"column":4}},"17":{"start":{"line":55,"column":42},"end":{"line":59,"column":null}},"18":{"start":{"line":58,"column":21},"end":{"line":58,"column":53}},"19":{"start":{"line":63,"column":2},"end":{"line":66,"column":3}},"20":{"start":{"line":64,"column":3},"end":{"line":64,"column":39}},"21":{"start":{"line":65,"column":3},"end":{"line":65,"column":10}},"22":{"start":{"line":67,"column":2},"end":{"line":83,"column":5}},"23":{"start":{"line":68,"column":18},"end":{"line":68,"column":44}},"24":{"start":{"line":69,"column":3},"end":{"line":72,"column":4}},"25":{"start":{"line":69,"column":38},"end":{"line":69,"column":72}},"26":{"start":{"line":70,"column":4},"end":{"line":70,"column":37}},"27":{"start":{"line":71,"column":4},"end":{"line":71,"column":17}},"28":{"start":{"line":73,"column":3},"end":{"line":82,"column":5}},"29":{"start":{"line":75,"column":5},"end":{"line":80,"column":11}}},"fnMap":{"0":{"name":"(anonymous_0)","decl":{"start":{"line":21,"column":50},"end":{"line":21,"column":51}},"loc":{"start":{"line":21,"column":60},"end":{"line":85,"column":2}}},"1":{"name":"(anonymous_1)","decl":{"start":{"line":23,"column":16},"end":{"line":23,"column":null}},"loc":{"start":{"line":26,"column":5},"end":{"line":52,"column":2}}},"2":{"name":"(anonymous_2)","decl":{"start":{"line":31,"column":6},"end":{"line":31,"column":7}},"loc":{"start":{"line":31,"column":16},"end":{"line":51,"column":3}}},"3":{"name":"(anonymous_3)","decl":{"start":{"line":33,"column":31},"end":{"line":33,"column":32}},"loc":{"start":{"line":33,"column":38},"end":{"line":33,"column":72}}},"4":{"name":"(anonymous_4)","decl":{"start":{"line":38,"column":31},"end":{"line":38,"column":32}},"loc":{"start":{"line":39,"column":5},"end":{"line":48,"column":11}}},"5":{"name":"(anonymous_5)","decl":{"start":{"line":53,"column":19},"end":{"line":53,"column":20}},"loc":{"start":{"line":54,"column":2},"end":{"line":61,"column":5}}},"6":{"name":"(anonymous_6)","decl":{"start":{"line":54,"column":6},"end":{"line":54,"column":7}},"loc":{"start":{"line":54,"column":18},"end":{"line":61,"column":4}}},"7":{"name":"(anonymous_7)","decl":{"start":{"line":55,"column":30},"end":{"line":55,"column":31}},"loc":{"start":{"line":55,"column":42},"end":{"line":59,"column":null}}},"8":{"name":"(anonymous_8)","decl":{"start":{"line":58,"column":5},"end":{"line":58,"column":6}},"loc":{"start":{"line":58,"column":21},"end":{"line":58,"column":53}}},"9":{"name":"(anonymous_9)","decl":{"start":{"line":62,"column":17},"end":{"line":62,"column":18}},"loc":{"start":{"line":62,"column":72},"end":{"line":84,"column":2}}},"10":{"name":"(anonymous_10)","decl":{"start":{"line":67,"column":6},"end":{"line":67,"column":7}},"loc":{"start":{"line":67,"column":16},"end":{"line":83,"column":3}}},"11":{"name":"(anonymous_11)","decl":{"start":{"line":69,"column":31},"end":{"line":69,"column":32}},"loc":{"start":{"line":69,"column":38},"end":{"line":69,"column":72}}},"12":{"name":"(anonymous_12)","decl":{"start":{"line":74,"column":31},"end":{"line":74,"column":32}},"loc":{"start":{"line":75,"column":5},"end":{"line":80,"column":11}}}},"branchMap":{"0":{"loc":{"start":{"line":27,"column":2},"end":{"line":30,"column":3}},"type":"if","locations":[{"start":{"line":27,"column":2},"end":{"line":30,"column":3}}]},"1":{"loc":{"start":{"line":33,"column":3},"end":{"line":36,"column":4}},"type":"if","locations":[{"start":{"line":33,"column":3},"end":{"line":36,"column":4}}]},"2":{"loc":{"start":{"line":39,"column":5},"end":{"line":48,"column":11}},"type":"cond-expr","locations":[{"start":{"line":40,"column":7},"end":{"line":46,"column":null}},{"start":{"line":48,"column":8},"end":{"line":48,"column":11}}]},"3":{"loc":{"start":{"line":63,"column":2},"end":{"line":66,"column":3}},"type":"if","locations":[{"start":{"line":63,"column":2},"end":{"line":66,"column":3}}]},"4":{"loc":{"start":{"line":69,"column":3},"end":{"line":72,"column":4}},"type":"if","locations":[{"start":{"line":69,"column":3},"end":{"line":72,"column":4}}]},"5":{"loc":{"start":{"line":75,"column":5},"end":{"line":80,"column":11}},"type":"cond-expr","locations":[{"start":{"line":76,"column":7},"end":{"line":78,"column":null}},{"start":{"line":80,"column":8},"end":{"line":80,"column":11}}]}},"s":{"0":0,"1":0,"2":0,"3":0,"4":0,"5":0,"6":0,"7":0,"8":0,"9":0,"10":0,"11":0,"12":0,"13":0,"14":0,"15":0,"16":0,"17":0,"18":0,"19":0,"20":0,"21":0,"22":0,"23":0,"24":0,"25":0,"26":0,"27":0,"28":0,"29":0},"f":{"0":0,"1":0,"2":0,"3":0,"4":0,"5":0,"6":0,"7":0,"8":0,"9":0,"10":0,"11":0,"12":0},"b":{"0":[0],"1":[0],"2":[0,0],"3":[0],"4":[0],"5":[0,0]}}
,"/Users/abhishrey/Documents/main/saral-kanban/src/utils/props.ts": {"path":"/Users/abhishrey/Documents/main/saral-kanban/src/utils/props.ts","statementMap":{"0":{"start":{"line":1,"column":18},"end":{"line":4,"column":2}},"1":{"start":{"line":6,"column":9},"end":{"line":6,"column":18}}},"fnMap":{},"branchMap":{},"s":{"0":0,"1":0},"f":{},"b":{}}
}
